C:\USERS\LIAM\DOCUMENTS\VISUAL STUDIO 2010\PROJECTS\TRAINSHORTPATH\DEBUG\TRAINSHORTPATH.EXE
C:\USERS\LIAM\DOCUMENTS\VISUAL STUDIO 2010\PROJECTS\TRAINSHORTPATH\DEBUG\TRAINSHORTPATH.ILK
C:\USERS\LIAM\DOCUMENTS\VISUAL STUDIO 2010\PROJECTS\TRAINSHORTPATH\DEBUG\TRAINSHORTPATH.PDB
C:\Users\liam\Documents\Visual Studio 2010\Projects\TrainShortPath\TrainShortPath\Debug\cl.command.1.tlog
C:\Users\liam\Documents\Visual Studio 2010\Projects\TrainShortPath\TrainShortPath\Debug\CL.read.1.tlog
C:\Users\liam\Documents\Visual Studio 2010\Projects\TrainShortPath\TrainShortPath\Debug\CL.write.1.tlog
C:\Users\liam\Documents\Visual Studio 2010\Projects\TrainShortPath\TrainShortPath\Debug\link.2276.read.1.tlog
C:\Users\liam\Documents\Visual Studio 2010\Projects\TrainShortPath\TrainShortPath\Debug\link.2276.write.1.tlog
C:\Users\liam\Documents\Visual Studio 2010\Projects\TrainShortPath\TrainShortPath\Debug\link.2276-cvtres.read.1.tlog
C:\Users\liam\Documents\Visual Studio 2010\Projects\TrainShortPath\TrainShortPath\Debug\link.2276-cvtres.write.1.tlog
C:\Users\liam\Documents\Visual Studio 2010\Projects\TrainShortPath\TrainShortPath\Debug\link.6276.read.1.tlog
C:\Users\liam\Documents\Visual Studio 2010\Projects\TrainShortPath\TrainShortPath\Debug\link.6276.write.1.tlog
C:\Users\liam\Documents\Visual Studio 2010\Projects\TrainShortPath\TrainShortPath\Debug\link.6276-cvtres.read.1.tlog
C:\Users\liam\Documents\Visual Studio 2010\Projects\TrainShortPath\TrainShortPath\Debug\link.6276-cvtres.write.1.tlog
C:\Users\liam\Documents\Visual Studio 2010\Projects\TrainShortPath\TrainShortPath\Debug\link.command.1.tlog
C:\Users\liam\Documents\Visual Studio 2010\Projects\TrainShortPath\TrainShortPath\Debug\link.read.1.tlog
C:\Users\liam\Documents\Visual Studio 2010\Projects\TrainShortPath\TrainShortPath\Debug\link.write.1.tlog
C:\Users\liam\Documents\Visual Studio 2010\Projects\TrainShortPath\TrainShortPath\Debug\link-cvtres.read.1.tlog
C:\Users\liam\Documents\Visual Studio 2010\Projects\TrainShortPath\TrainShortPath\Debug\link-cvtres.write.1.tlog
C:\USERS\LIAM\DOCUMENTS\VISUAL STUDIO 2010\PROJECTS\TRAINSHORTPATH\TRAINSHORTPATH\DEBUG\MAIN.OBJ
C:\Users\liam\Documents\Visual Studio 2010\Projects\TrainShortPath\TrainShortPath\Debug\mt.command.1.tlog
C:\Users\liam\Documents\Visual Studio 2010\Projects\TrainShortPath\TrainShortPath\Debug\mt.read.1.tlog
C:\Users\liam\Documents\Visual Studio 2010\Projects\TrainShortPath\TrainShortPath\Debug\mt.write.1.tlog
C:\Users\liam\Documents\Visual Studio 2010\Projects\TrainShortPath\TrainShortPath\Debug\rc.command.1.tlog
C:\Users\liam\Documents\Visual Studio 2010\Projects\TrainShortPath\TrainShortPath\Debug\rc.read.1.tlog
C:\Users\liam\Documents\Visual Studio 2010\Projects\TrainShortPath\TrainShortPath\Debug\rc.write.1.tlog
C:\USERS\LIAM\DOCUMENTS\VISUAL STUDIO 2010\PROJECTS\TRAINSHORTPATH\TRAINSHORTPATH\DEBUG\TINYSTR.OBJ
C:\USERS\LIAM\DOCUMENTS\VISUAL STUDIO 2010\PROJECTS\TRAINSHORTPATH\TRAINSHORTPATH\DEBUG\TINYXML.OBJ
C:\USERS\LIAM\DOCUMENTS\VISUAL STUDIO 2010\PROJECTS\TRAINSHORTPATH\TRAINSHORTPATH\DEBUG\TINYXMLERROR.OBJ
C:\USERS\LIAM\DOCUMENTS\VISUAL STUDIO 2010\PROJECTS\TRAINSHORTPATH\TRAINSHORTPATH\DEBUG\TINYXMLPARSER.OBJ
C:\USERS\LIAM\DOCUMENTS\VISUAL STUDIO 2010\PROJECTS\TRAINSHORTPATH\TRAINSHORTPATH\DEBUG\TRAINSHORTPATH.EXE.EMBED.MANIFEST
C:\USERS\LIAM\DOCUMENTS\VISUAL STUDIO 2010\PROJECTS\TRAINSHORTPATH\TRAINSHORTPATH\DEBUG\TRAINSHORTPATH.EXE.EMBED.MANIFEST.RES
C:\USERS\LIAM\DOCUMENTS\VISUAL STUDIO 2010\PROJECTS\TRAINSHORTPATH\TRAINSHORTPATH\DEBUG\TRAINSHORTPATH.EXE.INTERMEDIATE.MANIFEST
C:\Users\liam\Documents\Visual Studio 2010\Projects\TrainShortPath\TrainShortPath\Debug\TrainShortPath_manifest.rc
C:\Users\liam\Documents\Visual Studio 2010\Projects\TrainShortPath\TrainShortPath\Debug\vc100.idb
C:\USERS\LIAM\DOCUMENTS\VISUAL STUDIO 2010\PROJECTS\TRAINSHORTPATH\TRAINSHORTPATH\DEBUG\VC100.PDB
C:\USERS\LIAM\DOCUMENTS\VISUAL STUDIO 2010\PROJECTS\TRAINSHORTPATH\TRAINSHORTPATH\DEBUG\XMLTEST.OBJ
