Build started 10/17/2011 10:28:12 PM.
     1>Project "C:\Users\liam\Documents\Visual Studio 2010\Projects\TrainShortPath\TrainShortPath\TrainShortPath.vcxproj" on node 2 (build target(s)).
     1>InitializeBuildStatus:
         Touching "Debug\TrainShortPath.unsuccessfulbuild".
       ClCompile:
         C:\Program Files (x86)\Microsoft Visual Studio 10.0\VC\bin\CL.exe /c /ZI /nologo /W3 /WX- /Od /Oy- /D WIN32 /D _DEBUG /D _CONSOLE /D _UNICODE /D UNICODE /Gm /EHsc /RTC1 /MDd /GS /fp:precise /Zc:wchar_t /Zc:forScope /Fo"Debug\\" /Fd"Debug\vc100.pdb" /Gd /TP /analyze- /errorReport:prompt Station.cpp main.cpp
         main.cpp
     1>c:\users\liam\documents\visual studio 2010\projects\trainshortpath\trainshortpath\main.cpp(31): error C2146: syntax error : missing ';' before identifier 'Name'
     1>c:\users\liam\documents\visual studio 2010\projects\trainshortpath\trainshortpath\main.cpp(31): error C4430: missing type specifier - int assumed. Note: C++ does not support default-int
     1>c:\users\liam\documents\visual studio 2010\projects\trainshortpath\trainshortpath\main.cpp(31): error C4430: missing type specifier - int assumed. Note: C++ does not support default-int
     1>c:\users\liam\documents\visual studio 2010\projects\trainshortpath\trainshortpath\main.cpp(32): error C2146: syntax error : missing ';' before identifier 'Line'
     1>c:\users\liam\documents\visual studio 2010\projects\trainshortpath\trainshortpath\main.cpp(32): error C4430: missing type specifier - int assumed. Note: C++ does not support default-int
     1>c:\users\liam\documents\visual studio 2010\projects\trainshortpath\trainshortpath\main.cpp(32): error C4430: missing type specifier - int assumed. Note: C++ does not support default-int
     1>c:\users\liam\documents\visual studio 2010\projects\trainshortpath\trainshortpath\main.cpp(35): error C2061: syntax error : identifier 'string'
     1>c:\users\liam\documents\visual studio 2010\projects\trainshortpath\trainshortpath\main.cpp(37): error C2065: 'Name' : undeclared identifier
     1>c:\users\liam\documents\visual studio 2010\projects\trainshortpath\trainshortpath\main.cpp(37): error C2065: 'sname' : undeclared identifier
     1>c:\users\liam\documents\visual studio 2010\projects\trainshortpath\trainshortpath\main.cpp(38): error C2065: 'Line' : undeclared identifier
     1>c:\users\liam\documents\visual studio 2010\projects\trainshortpath\trainshortpath\main.cpp(38): error C2065: 'sline' : undeclared identifier
     1>c:\users\liam\documents\visual studio 2010\projects\trainshortpath\trainshortpath\main.cpp(39): error C2065: 'dur' : undeclared identifier
     1>c:\users\liam\documents\visual studio 2010\projects\trainshortpath\trainshortpath\main.cpp(46): error C2061: syntax error : identifier 'string'
     1>c:\users\liam\documents\visual studio 2010\projects\trainshortpath\trainshortpath\main.cpp(48): error C2065: 'Name' : undeclared identifier
     1>c:\users\liam\documents\visual studio 2010\projects\trainshortpath\trainshortpath\main.cpp(48): error C2065: 'sname' : undeclared identifier
     1>c:\users\liam\documents\visual studio 2010\projects\trainshortpath\trainshortpath\main.cpp(49): error C2065: 'Line' : undeclared identifier
     1>c:\users\liam\documents\visual studio 2010\projects\trainshortpath\trainshortpath\main.cpp(49): error C2065: 'sline' : undeclared identifier
     1>c:\users\liam\documents\visual studio 2010\projects\trainshortpath\trainshortpath\main.cpp(50): error C2065: 'StationEdges' : undeclared identifier
     1>c:\users\liam\documents\visual studio 2010\projects\trainshortpath\trainshortpath\main.cpp(50): error C2065: 'vedges' : undeclared identifier
     1>c:\users\liam\documents\visual studio 2010\projects\trainshortpath\trainshortpath\main.cpp(110): error C2143: syntax error : missing ')' before '}'
     1>c:\users\liam\documents\visual studio 2010\projects\trainshortpath\trainshortpath\main.cpp(110): error C2661: 'std::vector<_Ty>::push_back' : no overloaded function takes 0 arguments
                 with
                 [
                     _Ty=StationEdge
                 ]
     1>c:\users\liam\documents\visual studio 2010\projects\trainshortpath\trainshortpath\main.cpp(110): error C2143: syntax error : missing ';' before '}'
     1>c:\users\liam\documents\visual studio 2010\projects\trainshortpath\trainshortpath\main.cpp(126): error C2065: 'station_names' : undeclared identifier
     1>c:\users\liam\documents\visual studio 2010\projects\trainshortpath\trainshortpath\main.cpp(126): error C2109: subscript requires array or pointer type
     1>c:\users\liam\documents\visual studio 2010\projects\trainshortpath\trainshortpath\main.cpp(126): error C2065: 'station_line' : undeclared identifier
     1>c:\users\liam\documents\visual studio 2010\projects\trainshortpath\trainshortpath\main.cpp(126): error C2109: subscript requires array or pointer type
     1>c:\users\liam\documents\visual studio 2010\projects\trainshortpath\trainshortpath\main.cpp(196): error C2065: 'station_names' : undeclared identifier
     1>c:\users\liam\documents\visual studio 2010\projects\trainshortpath\trainshortpath\main.cpp(196): error C2065: 'station_line' : undeclared identifier
     1>c:\users\liam\documents\visual studio 2010\projects\trainshortpath\trainshortpath\main.cpp(202): error C2065: 'station_line' : undeclared identifier
     1>c:\users\liam\documents\visual studio 2010\projects\trainshortpath\trainshortpath\main.cpp(202): error C2065: 'station_names' : undeclared identifier
     1>c:\users\liam\documents\visual studio 2010\projects\trainshortpath\trainshortpath\main.cpp(231): error C2065: 'station_names' : undeclared identifier
     1>c:\users\liam\documents\visual studio 2010\projects\trainshortpath\trainshortpath\main.cpp(251): error C2065: 'station_names' : undeclared identifier
         Station.cpp
     1>c:\users\liam\documents\visual studio 2010\projects\trainshortpath\trainshortpath\edges.h(9): error C4430: missing type specifier - int assumed. Note: C++ does not support default-int
     1>c:\users\liam\documents\visual studio 2010\projects\trainshortpath\trainshortpath\edges.h(9): warning C4183: 'Station': missing return type; assumed to be a member function returning 'int'
     1>c:\users\liam\documents\visual studio 2010\projects\trainshortpath\trainshortpath\edges.h(10): error C2523: 'Edges::~Station' : destructor tag mismatch
     1>c:\users\liam\documents\visual studio 2010\projects\trainshortpath\trainshortpath\edges.h(12): error C2146: syntax error : missing ';' before identifier 'Name'
     1>c:\users\liam\documents\visual studio 2010\projects\trainshortpath\trainshortpath\edges.h(12): error C4430: missing type specifier - int assumed. Note: C++ does not support default-int
     1>c:\users\liam\documents\visual studio 2010\projects\trainshortpath\trainshortpath\edges.h(12): error C4430: missing type specifier - int assumed. Note: C++ does not support default-int
     1>c:\users\liam\documents\visual studio 2010\projects\trainshortpath\trainshortpath\edges.h(13): error C2146: syntax error : missing ';' before identifier 'Line'
     1>c:\users\liam\documents\visual studio 2010\projects\trainshortpath\trainshortpath\edges.h(13): error C4430: missing type specifier - int assumed. Note: C++ does not support default-int
     1>c:\users\liam\documents\visual studio 2010\projects\trainshortpath\trainshortpath\edges.h(13): error C4430: missing type specifier - int assumed. Note: C++ does not support default-int
     1>c:\users\liam\documents\visual studio 2010\projects\trainshortpath\trainshortpath\station.h(10): error C2061: syntax error : identifier 'string'
     1>c:\users\liam\documents\visual studio 2010\projects\trainshortpath\trainshortpath\station.h(13): error C2146: syntax error : missing ';' before identifier 'Name'
     1>c:\users\liam\documents\visual studio 2010\projects\trainshortpath\trainshortpath\station.h(13): error C4430: missing type specifier - int assumed. Note: C++ does not support default-int
     1>c:\users\liam\documents\visual studio 2010\projects\trainshortpath\trainshortpath\station.h(13): error C4430: missing type specifier - int assumed. Note: C++ does not support default-int
     1>c:\users\liam\documents\visual studio 2010\projects\trainshortpath\trainshortpath\station.h(14): error C2146: syntax error : missing ';' before identifier 'Line'
     1>c:\users\liam\documents\visual studio 2010\projects\trainshortpath\trainshortpath\station.h(14): error C4430: missing type specifier - int assumed. Note: C++ does not support default-int
     1>c:\users\liam\documents\visual studio 2010\projects\trainshortpath\trainshortpath\station.h(14): error C4430: missing type specifier - int assumed. Note: C++ does not support default-int
     1>c:\users\liam\documents\visual studio 2010\projects\trainshortpath\trainshortpath\station.cpp(5): error C2065: 'string' : undeclared identifier
     1>c:\users\liam\documents\visual studio 2010\projects\trainshortpath\trainshortpath\station.cpp(5): error C2146: syntax error : missing ')' before identifier 'sname'
     1>c:\users\liam\documents\visual studio 2010\projects\trainshortpath\trainshortpath\station.cpp(5): error C2761: '{ctor}' : member function redeclaration not allowed
     1>c:\users\liam\documents\visual studio 2010\projects\trainshortpath\trainshortpath\station.cpp(5): error C2059: syntax error : ')'
     1>c:\users\liam\documents\visual studio 2010\projects\trainshortpath\trainshortpath\station.cpp(6): error C2143: syntax error : missing ';' before '{'
     1>c:\users\liam\documents\visual studio 2010\projects\trainshortpath\trainshortpath\station.cpp(6): error C2447: '{' : missing function header (old-style formal list?)
         Generating Code...
     1>Done Building Project "C:\Users\liam\Documents\Visual Studio 2010\Projects\TrainShortPath\TrainShortPath\TrainShortPath.vcxproj" (build target(s)) -- FAILED.

Build FAILED.

Time Elapsed 00:00:01.11
